app/build/outputs/mapping/release/seeds.txt
com.aifirewall.app.data.local.db.entity.AppRuleEntity
com.aifirewall.app.AIFirewallApp
com.aifirewall.app.domain.model.AppNetworkRule$Companion
com.aifirewall.app.data.local.db.entity.FirewallProfileEntity
com.aifirewall.app.data.local.db.entity.GroupMemberEntity
com.aifirewall.app.domain.model.AppNetworkRule
com.aifirewall.app.MainActivity
com.aifirewall.app.data.local.db.FirewallDatabase
com.aifirewall.app.domain.model.FirewallState
com.aifirewall.app.data.local.db.entity.RuleGroupEntity
com.aifirewall.app.domain.model.NetworkPolicy
com.aifirewall.app.data.local.db.entity.FirewallEventEntity
com.aifirewall.app.domain.model.AppDataUsage
com.aifirewall.app.engine.service.FirewallVpnService
com.aifirewall.app.domain.model.TimeRange
com.aifirewall.app.data.local.db.FirewallDatabase_Impl
com.aifirewall.app.domain.model.InstalledApp
com.aifirewall.app.domain.model.AppNetworkRule: com.aifirewall.app.domain.model.AppNetworkRule$Companion Companion
com.aifirewall.app.domain.model.InstalledApp: boolean isSystemApp
com.aifirewall.app.engine.service.FirewallVpnService: com.aifirewall.app.engine.parser.PacketParser packetParser
com.aifirewall.app.engine.service.FirewallVpnService: java.lang.String ACTION_START
com.aifirewall.app.domain.model.AppDataUsage: int $stable
com.aifirewall.app.domain.model.NetworkPolicy: com.aifirewall.app.domain.model.NetworkPolicy[] $VALUES
com.aifirewall.app.domain.model.FirewallState: kotlin.enums.EnumEntries $ENTRIES
com.aifirewall.app.data.local.db.entity.AppRuleEntity: int uid
com.aifirewall.app.data.local.db.entity.RuleGroupEntity: java.lang.String id
com.aifirewall.app.domain.model.TimeRange: com.aifirewall.app.domain.model.TimeRange TODAY
com.aifirewall.app.data.local.db.entity.FirewallProfileEntity: java.lang.String id
com.aifirewall.app.engine.service.FirewallVpnService: int NOTIFICATION_ID
com.aifirewall.app.data.local.db.entity.RuleGroupEntity: java.lang.String description
com.aifirewall.app.engine.service.FirewallVpnService: java.lang.String CHANNEL_ID
com.aifirewall.app.data.local.db.entity.FirewallProfileEntity: boolean isActive
com.aifirewall.app.domain.model.InstalledApp: int $stable
com.aifirewall.app.domain.model.TimeRange: com.aifirewall.app.domain.model.TimeRange THIS_MONTH
com.aifirewall.app.domain.model.InstalledApp: java.lang.String packageName
com.aifirewall.app.data.local.db.entity.FirewallEventEntity: int uid
com.aifirewall.app.data.local.db.entity.FirewallEventEntity: java.lang.String packageName
com.aifirewall.app.data.local.db.entity.FirewallProfileEntity: long createdAt
com.aifirewall.app.domain.model.FirewallState: com.aifirewall.app.domain.model.FirewallState INACTIVE
com.aifirewall.app.domain.model.AppNetworkRule: com.aifirewall.app.domain.model.NetworkPolicy wifiPolicy
com.aifirewall.app.data.local.db.entity.AppRuleEntity: java.lang.String mobileDataPolicy
com.aifirewall.app.data.local.db.entity.FirewallEventEntity: java.lang.String action
com.aifirewall.app.data.local.db.entity.GroupMemberEntity: java.lang.String groupId
com.aifirewall.app.engine.service.FirewallVpnService: kotlinx.coroutines.Job cleanupJob
com.aifirewall.app.engine.service.FirewallVpnService: com.aifirewall.app.engine.network.TcpForwarder tcpForwarder
com.aifirewall.app.domain.model.NetworkPolicy: kotlin.enums.EnumEntries $ENTRIES
com.aifirewall.app.domain.model.InstalledApp: int uid
com.aifirewall.app.data.local.db.entity.FirewallEventEntity: java.lang.String sourceAddress
com.aifirewall.app.data.local.db.entity.FirewallEventEntity: int sourcePort
com.aifirewall.app.engine.service.FirewallVpnService: com.aifirewall.app.engine.policy.FirewallPolicyEngine policyEngine
com.aifirewall.app.data.local.db.entity.AppRuleEntity: long id
com.aifirewall.app.domain.model.AppNetworkRule: com.aifirewall.app.domain.model.NetworkPolicy mobileDataPolicy
com.aifirewall.app.data.local.db.entity.RuleGroupEntity: java.lang.String wifiPolicy
com.aifirewall.app.engine.service.FirewallVpnService: java.lang.String VPN_ADDRESS
...
com.google.crypto.tink.proto.JwtRsaSsaPssPublicKey: boolean hasCustomKid()
androidx.core.app.NotificationCompatBuilder$Api20Impl: android.app.Notification$Builder setGroupSummary(android.app.Notification$Builder,boolean)
com.google.android.material.button.MaterialButton: void setCornerRadiusResource(int)
com.google.crypto.tink.shaded.protobuf.Enum: void access$600(com.google.crypto.tink.shaded.protobuf.Enum,int,com.google.crypto.tink.shaded.protobuf.EnumValue)
androidx.compose.material3.ScaffoldKt: void access$ScaffoldLayoutWithMeasureFix-FMILGgc(int,kotlin.jvm.functions.Function2,kotlin.jvm.functions.Function3,kotlin.jvm.functions.Function2,kotlin.jvm.functions.Function2,androidx.compose.foundation.layout.WindowInsets,kotlin.jvm.functions.Function2,androidx.compose.runtime.Composer,int)
com.google.crypto.tink.proto.EciesAeadHkdfParams$Builder: com.google.crypto.tink.shaded.protobuf.MessageLite build()
com.google.crypto.tink.shaded.protobuf.UnsafeUtil$1: UnsafeUtil$1()
androidx.compose.material3.TextFieldImplKt: java.lang.Object getLayoutId(androidx.compose.ui.layout.IntrinsicMeasurable)
com.google.crypto.tink.shaded.protobuf.Internal$ListAdapter: Internal$ListAdapter(java.util.List,com.google.crypto.tink.shaded.protobuf.Internal$ListAdapter$Converter)
com.google.crypto.tink.proto.HkdfPrfKeyFormat: void setVersion(int)
androidx.compose.material3.DateRangePickerKt$VerticalMonthsList$2$1: DateRangePickerKt$VerticalMonthsList$2$1(androidx.compose.foundation.lazy.LazyListState,kotlin.jvm.functions.Function1,androidx.compose.material3.CalendarModel,kotlin.ranges.IntRange,kotlin.coroutines.Continuation)
com.google.crypto.tink.shaded.protobuf.Option: com.google.crypto.tink.shaded.protobuf.Option getDefaultInstance()
com.google.crypto.tink.proto.KmsAeadKeyFormat: com.google.crypto.tink.proto.KmsAeadKeyFormat parseDelimitedFrom(java.io.InputStream,com.google.crypto.tink.shaded.protobuf.ExtensionRegistryLite)
androidx.compose.material3.tokens.TimePickerTokens: androidx.compose.material3.tokens.ShapeKeyTokens getClockDialSelectorCenterContainerShape()
com.google.crypto.tink.proto.EncryptedKeyset$Builder: com.google.crypto.tink.proto.KeysetInfo getKeysetInfo()
androidx.compose.material3.SliderDefaults: void drawTrack-LUBghH0(androidx.compose.ui.graphics.drawscope.DrawScope,float[],float,float,long,long,long,long)
com.google.crypto.tink.shaded.protobuf.Struct: java.util.Map access$100(com.google.crypto.tink.shaded.protobuf.Struct)
com.google.crypto.tink.KeyManagerImpl: boolean doesSupport(java.lang.String)
com.google.crypto.tink.proto.RsaSsaPssPublicKey$Builder: com.google.crypto.tink.shaded.protobuf.ByteString getN()
androidx.constraintlayout.widget.Guideline: void setGuidelinePercent(float)
com.google.crypto.tink.shaded.protobuf.WireFormat$FieldType: WireFormat$FieldType(java.lang.String,int,com.google.crypto.tink.shaded.protobuf.WireFormat$JavaType,int,com.google.crypto.tink.shaded.protobuf.WireFormat$1)
com.google.crypto.tink.proto.RsaSsaPssKeyFormat$Builder: com.google.crypto.tink.shaded.protobuf.MessageLite buildPartial()
com.google.crypto.tink.shaded.protobuf.Api$Builder: com.google.crypto.tink.shaded.protobuf.Api$Builder setOptions(int,com.google.crypto.tink.shaded.protobuf.Option)
androidx.compose.material3.RangeSliderComponents: androidx.compose.material3.RangeSliderComponents valueOf(java.lang.String)
com.google.crypto.tink.shaded.protobuf.UInt64Value: com.google.crypto.tink.shaded.protobuf.Parser parser()
androidx.compose.material3.TimePickerKt: androidx.compose.ui.text.input.TextFieldValue TimeInputImpl$lambda$8(androidx.compose.runtime.MutableState)
androidx.compose.material3.ButtonElevation$animateElevation$2$1: java.lang.Object invoke(java.lang.Object,java.lang.Object)
com.google.crypto.tink.proto.AesCtrKey: com.google.crypto.tink.proto.AesCtrKey$Builder newBuilder(com.google.crypto.tink.proto.AesCtrKey)