app/build/outputs/mapping/release/usage.txt
com.aifirewall.app.AIFirewallApp:
    public static final int $stable
com.aifirewall.app.MainActivity:
    public static final int $stable
com.aifirewall.app.R$color
com.aifirewall.app.R$drawable:
    private void <init>()
com.aifirewall.app.R$string:
    public static int allowed_apps
    public static int blocked
    public static int blocked_apps
    public static int blocked_connections
    public static int download
    public static int firewall_status_disabled
    public static int firewall_status_enabled
    public static int network_traffic
    public static int not_configured
    public static int rule_saved
    public static int save
    public static int settings_app_lock
    public static int settings_biometric
    public static int settings_privacy
    public static int status_active
    public static int status_error
    public static int status_inactive
    public static int status_starting
    public static int tab_this_month
    public static int tab_this_week
    public static int tab_today
    public static int theme_crimson_red
    public static int theme_cyber_blue
    public static int theme_neon_green
    public static int title_themes
    public static int top_data_consuming
    public static int upload
    public static int welcome_message
    private void <init>()
com.aifirewall.app.R$style
com.aifirewall.app.R$xml
com.aifirewall.app.R
com.aifirewall.app.core.security.SecurityManager:
    private static final int ITERATION_COUNT
    private static final java.lang.String KEY_BIOMETRIC_ENABLED
    private static final int KEY_LENGTH
    private static final java.lang.String KEY_LOCK_ENABLED
    private static final java.lang.String KEY_PIN_HASH
    private static final java.lang.String KEY_PIN_SALT
    private static final java.lang.String KEY_TIMEOUT_MINUTES
    public final boolean hasPinConfigured()
com.aifirewall.app.core.utils.Formatters:
    public static final int $stable
com.aifirewall.app.data.local.db.FirewallDatabase:
    public static final int $stable
com.aifirewall.app.data.local.db.FirewallDatabase_Impl:
    public void clearAllTables()
com.aifirewall.app.data.preferences.PreferencesRepository$setDarkTheme$2
com.aifirewall.app.data.preferences.PreferencesRepository$setLanguage$2
com.aifirewall.app.data.preferences.PreferencesRepository$special$$inlined$map$1$2$1
com.aifirewall.app.data.preferences.PreferencesRepository$special$$inlined$map$1$2
com.aifirewall.app.data.preferences.PreferencesRepository$special$$inlined$map$1
com.aifirewall.app.data.preferences.PreferencesRepository$special$$inlined$map$2$2$1
com.aifirewall.app.data.preferences.PreferencesRepository$special$$inlined$map$2$2
com.aifirewall.app.data.preferences.PreferencesRepository$special$$inlined$map$2
com.aifirewall.app.data.preferences.PreferencesRepository
com.aifirewall.app.data.preferences.PreferencesRepositoryKt
com.aifirewall.app.data.repository.EventRepository:
    public final java.lang.Object clearOldEvents(int,kotlin.coroutines.Continuation)
    public static synthetic java.lang.Object clearOldEvents$default(com.aifirewall.app.data.repository.EventRepository,int,kotlin.coroutines.Continuation,int,java.lang.Object)
    public static synthetic java.lang.Object getRecentSimilarBlockEvent$default(com.aifirewall.app.data.repository.EventRepository,java.lang.String,java.lang.String,int,long,kotlin.coroutines.Continuation,int,java.lang.Object)
com.aifirewall.app.data.repository.FirewallBackup:
    public final int component1()
    public final java.util.List component2()
    public final java.util.List component3()
    public final com.aifirewall.app.data.repository.FirewallBackup copy(int,java.util.List,java.util.List)
    public static synthetic com.aifirewall.app.data.repository.FirewallBackup copy$default(com.aifirewall.app.data.repository.FirewallBackup,int,java.util.List,java.util.List,int,java.lang.Object)
...
androidx.compose.foundation.lazy.LazyListMeasureResult:
    public static final int $stable
    public final boolean reverseLayout
    static void <clinit>()
    public final int getAfterContentPadding()
    public final int getBeforeContentPadding()
    public final boolean getCanScrollBackward()
    public final boolean getCanScrollForward()
    public final float getConsumedScroll()
    public static androidx.compose.foundation.lazy.LazyListMeasuredItem getFirstVisibleItem()
    public static int getFirstVisibleItemScrollOffset()
    public final int getMainAxisItemSpacing()
    public final androidx.compose.foundation.gestures.Orientation getOrientation()
    public static float getScrollBackAmount()
    public final int getTotalItemsCount()
    public final int getViewportEndOffset()
    public final long getViewportSize-YbymL2g()
    public final int getViewportStartOffset()
    public final java.util.List getVisibleItemsInfo()
androidx.compose.foundation.lazy.LazyListMeasuredItem:
    public static final int $stable
    public final int afterContentPadding
    public final int beforeContentPadding
    public int maxMainAxisOffset
    public int minMainAxisOffset
    static void <clinit>()
    public static void applyScrollDelta()
    public static int getCrossAxisSize()
    public final int getIndex()
    public static java.lang.Object getKey()
    public static int getMainAxis--gyyYBs()
    public final int getMainAxisSize(androidx.compose.ui.layout.Placeable)
    public static boolean getNonScrollableItem()
    public final int getOffset()
    public final void getParentData(int)
    public static int getPlaceablesCount()
    public final int getSize()
    public static int getSizeWithSpacings()
    public static boolean isVertical()
    public static void setNonScrollableItem()
androidx.compose.foundation.lazy.LazyListMeasuredItemProvider
androidx.compose.foundation.lazy.LazyListScope$items$1:
    public final java.lang.Void invoke()
androidx.compose.foundation.lazy.LazyListScope:
    public abstract void item()
    public abstract void items(int,kotlin.jvm.functions.Function1,kotlin.jvm.functions.Function1,androidx.compose.runtime.internal.ComposableLambdaImpl)
androidx.compose.foundation.lazy.LazyListScrollPosition:
    public static final int $stable
    static void <clinit>()
    public static int getIndex()
    public static androidx.compose.foundation.lazy.layout.LazyLayoutNearestRangeState getNearestRangeState()
    public static int getScrollOffset()
    public static void requestPosition()
    public final void setIndex(int)
    public final void setScrollOffset(int)
    public static void updateFromMeasureResult()
    public static void updateScrollOffset()
    public static int updateScrollPositionIfTheFirstItemWasMoved()
androidx.compose.foundation.lazy.LazyListSemanticsKt
androidx.compose.foundation.lazy.LazyListState$Companion$Saver$1:
    public static java.util.List invoke()
androidx.compose.foundation.lazy.LazyListState$Companion$Saver$2:
    public static androidx.compose.foundation.lazy.LazyListState invoke()
androidx.compose.foundation.lazy.LazyListState$Companion
androidx.compose.foundation.lazy.LazyListState$scrollToItem$2:
    public int label
    public final java.lang.Object invoke$5()
androidx.compose.foundation.lazy.LazyListState$scrollableState$1:
    public final java.lang.Float invoke(float)
androidx.compose.foundation.lazy.LazyListState$updateScrollDeltaForPostLookahead$2$1:
    public final java.lang.Object invoke(kotlinx.coroutines.CoroutineScope,kotlin.coroutines.Continuation)
androidx.compose.foundation.lazy.LazyListState$updateScrollDeltaForPostLookahead$2$2:
    public final java.lang.Object invoke(kotlinx.coroutines.CoroutineScope,kotlin.coroutines.Continuation)